{"level":"error","message":"Internal server error1"}
{"level":"error","message":"Internal server error"}
{"level":"error","message":"Internal server error"}
{"level":"error","message":"Internal server error"}
{"level":"error","message":"Internal server error"}
{"level":"error","message":"Internal server error"}
{"level":"error","message":"Internal server error"}
{"level":"error","message":"Internal server error"}
{"level":"error","message":"Internal server error"}
{"level":"error","message":"Internal server error"}
{"level":"error","message":"Internal server error"}
{"level":"error","message":"Internal server error"}
{"level":"error","message":"Internal server error"}
{"level":"error","message":"Internal server error"}
{"level":"error","message":"Internal server error"}
{"level":"error","message":"Internal server error"}
{"level":"error","message":"Internal server error"}
{"level":"error","message":"Internal server error"}
{"level":"error","message":"Task ID not found"}
{"level":"error","message":"Internal server error"}
{"level":"error","message":"Internal server error"}
{"level":"error","message":"Internal server error"}
{"level":"error","message":"Internal server error"}
{"level":"error","message":"Internal server error"}
{"level":"error","message":"Internal server error"}
{"level":"error","message":"Internal server error"}
{"level":"error","message":"Internal server error"}
{"level":"error","message":"Internal server error"}
{"level":"error","message":"Internal server error"}
{"level":"error","message":"task not found"}
{"level":"error","message":"task not found"}
{"level":"error","message":"task not found"}
{"level":"error","message":"task not found"}
{"level":"error","message":"Internal server error"}
{"level":"error","message":"Internal server error"}
{"level":"error","message":"No tasks found for the specified date"}
{"level":"error","message":"No tasks found for the specified date"}
{"level":"error","message":"Internal server error"}
{"level":"error","message":"Please enter the correct password"}
{"level":"error","message":"Task ID not found"}
{"level":"error","message":"user not found"}
{"level":"error","message":"Please enter the correct password"}
{"level":"error","message":"Task ID not found"}
{"level":"error","message":"Internal server error"}
{"level":"error","message":"Internal server error"}
{"level":"error","message":"Internal server error"}
{"level":"error","message":"No tasks found for the specified date"}
